config_key_overlap: key 'lr' appears in both 'configs/training.yaml' and 'configs/variants/v6_botmix_s180b_a2.yaml' — 'configs/variants/v6_botmix_s180b_a2.yaml' wins
config_key_overlap: key 'total_steps' appears in both 'configs/training.yaml' and 'configs/variants/v6_botmix_s180b_a2.yaml' — 'configs/variants/v6_botmix_s180b_a2.yaml' wins
config_key_overlap: key 'eta_min' appears in both 'configs/training.yaml' and 'configs/variants/v6_botmix_s180b_a2.yaml' — 'configs/variants/v6_botmix_s180b_a2.yaml' wins
config_key_overlap: key 'mixing' appears in both 'configs/training.yaml' and 'configs/variants/v6_botmix_s180b_a2.yaml' — 'configs/variants/v6_botmix_s180b_a2.yaml' wins
config_key_overlap: key 'draw_value' appears in both 'configs/training.yaml' and 'configs/variants/v6_botmix_s180b_a2.yaml' — 'configs/variants/v6_botmix_s180b_a2.yaml' wins
config_key_overlap: key 'ply_cap_value' appears in both 'configs/training.yaml' and 'configs/variants/v6_botmix_s180b_a2.yaml' — 'configs/variants/v6_botmix_s180b_a2.yaml' wins
config_key_overlap: key 'game_length_weights' appears in both 'configs/training.yaml' and 'configs/variants/v6_botmix_s180b_a2.yaml' — 'configs/variants/v6_botmix_s180b_a2.yaml' wins
config_key_overlap: key 'selfplay' appears in both 'configs/selfplay.yaml' and 'configs/variants/v6_botmix_s180b_a2.yaml' — 'configs/variants/v6_botmix_s180b_a2.yaml' wins
config_key_overlap: key 'buffer_schedule' appears in both 'configs/training.yaml' and 'configs/variants/v6_botmix_s180b_a2.yaml' — 'configs/variants/v6_botmix_s180b_a2.yaml' wins
config_key_overlap: key 'eval_interval' appears in both 'configs/training.yaml' and 'configs/variants/v6_botmix_s180b_a2.yaml' — 'configs/variants/v6_botmix_s180b_a2.yaml' wins
config_key_overlap: key 'anchor_every_steps' appears in both 'configs/training.yaml' and 'configs/variants/v6_botmix_s180b_a2.yaml' — 'configs/variants/v6_botmix_s180b_a2.yaml' wins
[hexo_rl train] cpu_budget=24 n_workers=18 per_lib=4 omp=4 mkl=4 interop=4
config_key_overlap: key 'lr' appears in both 'configs/training.yaml' and 'configs/variants/v6_botmix_s180b_a2.yaml' — 'configs/variants/v6_botmix_s180b_a2.yaml' wins
config_key_overlap: key 'total_steps' appears in both 'configs/training.yaml' and 'configs/variants/v6_botmix_s180b_a2.yaml' — 'configs/variants/v6_botmix_s180b_a2.yaml' wins
config_key_overlap: key 'eta_min' appears in both 'configs/training.yaml' and 'configs/variants/v6_botmix_s180b_a2.yaml' — 'configs/variants/v6_botmix_s180b_a2.yaml' wins
config_key_overlap: key 'mixing' appears in both 'configs/training.yaml' and 'configs/variants/v6_botmix_s180b_a2.yaml' — 'configs/variants/v6_botmix_s180b_a2.yaml' wins
config_key_overlap: key 'draw_value' appears in both 'configs/training.yaml' and 'configs/variants/v6_botmix_s180b_a2.yaml' — 'configs/variants/v6_botmix_s180b_a2.yaml' wins
config_key_overlap: key 'ply_cap_value' appears in both 'configs/training.yaml' and 'configs/variants/v6_botmix_s180b_a2.yaml' — 'configs/variants/v6_botmix_s180b_a2.yaml' wins
config_key_overlap: key 'game_length_weights' appears in both 'configs/training.yaml' and 'configs/variants/v6_botmix_s180b_a2.yaml' — 'configs/variants/v6_botmix_s180b_a2.yaml' wins
config_key_overlap: key 'selfplay' appears in both 'configs/selfplay.yaml' and 'configs/variants/v6_botmix_s180b_a2.yaml' — 'configs/variants/v6_botmix_s180b_a2.yaml' wins
config_key_overlap: key 'buffer_schedule' appears in both 'configs/training.yaml' and 'configs/variants/v6_botmix_s180b_a2.yaml' — 'configs/variants/v6_botmix_s180b_a2.yaml' wins
config_key_overlap: key 'eval_interval' appears in both 'configs/training.yaml' and 'configs/variants/v6_botmix_s180b_a2.yaml' — 'configs/variants/v6_botmix_s180b_a2.yaml' wins
config_key_overlap: key 'anchor_every_steps' appears in both 'configs/training.yaml' and 'configs/variants/v6_botmix_s180b_a2.yaml' — 'configs/variants/v6_botmix_s180b_a2.yaml' wins
{"log_path": "logs/train_9bbeb098e5d84133ba0f18a568d49765.jsonl", "run_name": "train_9bbeb098e5d84133ba0f18a568d49765", "event": "logging_configured", "level": "info", "timestamp": "2026-05-23T09:35:38.745438Z"}
{"config": {"board_size": 19, "in_channels": 8, "res_blocks": 12, "filters": 128, "se_reduction_ratio": 4, "encoding": "v6", "fp16": true, "amp_dtype": "fp16", "torch_compile": false, "torch_compile_mode": "default", "augment": true, "policy_prune_frac": 0.02, "batch_size": 256, "min_buffer_size": 256, "training_steps_per_game": 2.0, "max_train_burst": 16, "lr": "2e-3", "weight_decay": 0.0001, "grad_clip": 1.0, "lr_schedule": "cosine", "total_steps": 100000, "eta_min": "2e-4", "eval_interval": 10000, "checkpoint_interval": 500, "max_checkpoints_kept": 10, "preserve_eval_checkpoints": true, "log_interval": 10, "aux_opp_reply_weight": 0.15, "entropy_reg_weight": 0.01, "draw_value": -0.1, "ply_cap_value": 0.0, "recency_weight": 0.75, "uncertainty_weight": 0.0, "ownership_weight": 0.1, "threat_weight": 0.1, "aux_chain_weight": 1.0, "zero_chain_planes": false, "threat_pos_weight": 59.0, "game_length_weights": {"thresholds": [10, 25], "weights": [1.0, 1.0], "default_weight": 1.0}, "buffer_schedule": [{"step": 0, "capacity": 250000}, {"step": 300000, "capacity": 500000}, {"step": 1000000, "capacity": 1000000}], "mixing": {"pretrained_buffer_path": "data/bootstrap_corpus_v6.npz", "decay_steps": 200000, "min_pretrained_weight": 0.1, "initial_pretrained_weight": 0.8, "pretrain_max_samples": 0, "buffer_persist": true, "buffer_persist_path": "checkpoints/replay_buffer.bin", "bot_corpus_path": "data/bot_corpus_s178_sealbot_vs_v6.npz", "bot_batch_share": 0.3, "bot_corpus_refresh": {"enabled": false, "trigger": "best_model_promotion", "cooldown_steps": 25000, "min_new_games": 200}}, "seed": 42, "gpu": {"tf32_matmul": "auto", "tf32_cudnn": "auto"}, "diagnostics": {"perf_timing": false, "perf_sync_cuda": false, "vram_probe_interval": 100}, "disk_guard": {"warn_gb": 10.0, "fail_gb": 5.0, "interval_sec": 60.0, "keep_all": false}, "anchor_every_steps": 2000, "max_game_records": 10000, "mcts": {"n_simulations": 400, "c_puct": 1.5, "fpu_reduction": 0.25, "quiescence_enabled": true, "quiescence_blend_2": 0.3, "dirichlet_alpha": 0.05, "epsilon": 0.1, "dirichlet_enabled": true, "temperature_threshold_ply": 30}, "selfplay": {"completed_q_values": true, "c_visit": 50.0, "c_scale": 1.0, "gumbel_mcts": false, "gumbel_m": 16, "gumbel_explore_moves": 10, "n_workers": 18, "inference_batch_size": 64, "inference_max_wait_ms": 4.0, "leaf_batch_size": 8, "trace_inference": true, "replay_buffer_capacity": 500000, "max_game_moves": 150, "results_queue_cap": 10000, "random_opening_plies": 1, "rotation_enabled": true, "legal_move_radius_jitter": true, "playout_cap": {"fast_prob": 0.0, "fast_sims": 64, "standard_sims": 200, "temperature_threshold_compound_moves": 0, "temp_min": 0.5, "zoi_enabled": true, "zoi_lookback": 16, "zoi_margin": 5, "n_sims_quick": 100, "n_sims_full": 600, "full_search_prob": 0.5}, "n_simulations": 400}, "game_replay": {"enabled": true, "sample_rate": 50, "output_dir": "logs/replays", "include_mcts_visits": false, "include_value_estimates": false}, "monitoring": {"enabled": true, "terminal_dashboard": true, "web_dashboard": true, "web_port": 5001, "log_interval": 10, "event_log_maxlen": 500, "alert_entropy_min": 1.0, "alert_grad_norm_max": 10.0, "alert_loss_increase_window": 3, "alert_entropy_warn": 2.0, "ema_alpha": 0.06, "training_step_history": 2000, "game_history": 500, "num_actions_for_entropy_norm": 362, "p0_win_rate_target_low": 54.0, "p0_win_rate_target_high": 58.0, "viewer_max_memory_games": 50, "viewer_max_disk_games": 1000, "log_policy_target_metrics": true, "log_investigation_metrics": true}, "monitors": {"axis_warn": 0.45, "axis_alert": 0.5}, "gating": {"bootstrap_floor": {"enabled": true, "min_winrate": 0.45}}, "eval_temperature": 0.5, "eval_random_opening_plies": 0, "eval_pipeline": {"opponents": {"bootstrap_anchor": {"path": "checkpoints/bootstrap_model_v6_a2.pt"}, "sealbot": {"enabled": true}, "randombot": {"enabled": true}, "best_checkpoint": {"enabled": true}}}, "hard_abort": {"grad_norm": 10.0, "loss_nan": true, "stride5_p90": 60, "row_max_p90": 50, "colony_ext_frac_max": 0.4, "draw_rate_warn": 0.7, "pct_at_cap_warn": 0.3}, "telemetry": {"emit_bot_corpus_metrics": true, "emit_outcome_distribution": true, "emit_value_pred_at_ply_cap": true}}, "variant": "v6_botmix_s180b_a2", "pid": 2660999, "event": "startup", "level": "info", "timestamp": "2026-05-23T09:35:38.745572Z"}
{"event": "config_key_overlap: key 'lr' appears in both 'configs/training.yaml' and 'configs/variants/v6_botmix_s180b_a2.yaml' \u2014 'configs/variants/v6_botmix_s180b_a2.yaml' wins", "level": "warning", "timestamp": "2026-05-23T09:35:38.755202Z"}
{"event": "config_key_overlap: key 'total_steps' appears in both 'configs/training.yaml' and 'configs/variants/v6_botmix_s180b_a2.yaml' \u2014 'configs/variants/v6_botmix_s180b_a2.yaml' wins", "level": "warning", "timestamp": "2026-05-23T09:35:38.755248Z"}
{"event": "config_key_overlap: key 'eta_min' appears in both 'configs/training.yaml' and 'configs/variants/v6_botmix_s180b_a2.yaml' \u2014 'configs/variants/v6_botmix_s180b_a2.yaml' wins", "level": "warning", "timestamp": "2026-05-23T09:35:38.755284Z"}
{"event": "config_key_overlap: key 'mixing' appears in both 'configs/training.yaml' and 'configs/variants/v6_botmix_s180b_a2.yaml' \u2014 'configs/variants/v6_botmix_s180b_a2.yaml' wins", "level": "warning", "timestamp": "2026-05-23T09:35:38.755316Z"}
{"event": "config_key_overlap: key 'draw_value' appears in both 'configs/training.yaml' and 'configs/variants/v6_botmix_s180b_a2.yaml' \u2014 'configs/variants/v6_botmix_s180b_a2.yaml' wins", "level": "warning", "timestamp": "2026-05-23T09:35:38.755348Z"}
{"event": "config_key_overlap: key 'ply_cap_value' appears in both 'configs/training.yaml' and 'configs/variants/v6_botmix_s180b_a2.yaml' \u2014 'configs/variants/v6_botmix_s180b_a2.yaml' wins", "level": "warning", "timestamp": "2026-05-23T09:35:38.755380Z"}
{"event": "config_key_overlap: key 'game_length_weights' appears in both 'configs/training.yaml' and 'configs/variants/v6_botmix_s180b_a2.yaml' \u2014 'configs/variants/v6_botmix_s180b_a2.yaml' wins", "level": "warning", "timestamp": "2026-05-23T09:35:38.755413Z"}
{"event": "config_key_overlap: key 'selfplay' appears in both 'configs/selfplay.yaml' and 'configs/variants/v6_botmix_s180b_a2.yaml' \u2014 'configs/variants/v6_botmix_s180b_a2.yaml' wins", "level": "warning", "timestamp": "2026-05-23T09:35:38.755444Z"}
{"event": "config_key_overlap: key 'buffer_schedule' appears in both 'configs/training.yaml' and 'configs/variants/v6_botmix_s180b_a2.yaml' \u2014 'configs/variants/v6_botmix_s180b_a2.yaml' wins", "level": "warning", "timestamp": "2026-05-23T09:35:38.755477Z"}
{"event": "config_key_overlap: key 'eval_interval' appears in both 'configs/training.yaml' and 'configs/variants/v6_botmix_s180b_a2.yaml' \u2014 'configs/variants/v6_botmix_s180b_a2.yaml' wins", "level": "warning", "timestamp": "2026-05-23T09:35:38.755509Z"}
{"event": "config_key_overlap: key 'anchor_every_steps' appears in both 'configs/training.yaml' and 'configs/variants/v6_botmix_s180b_a2.yaml' \u2014 'configs/variants/v6_botmix_s180b_a2.yaml' wins", "level": "warning", "timestamp": "2026-05-23T09:35:38.755540Z"}
{"seed": 42, "event": "seeded", "level": "info", "timestamp": "2026-05-23T09:35:38.759171Z"}
{"device": "cuda", "event": "device", "level": "info", "timestamp": "2026-05-23T09:35:38.759271Z"}
{"event": "tf32_auto_unmeasured_arch", "level": "warning", "timestamp": "2026-05-23T09:35:38.796005Z"}
{"event": "tf32_auto_unmeasured_arch", "level": "warning", "timestamp": "2026-05-23T09:35:38.796056Z"}
{"event": "tf32_resolved", "level": "info", "timestamp": "2026-05-23T09:35:38.796110Z"}
{"tf32_matmul": true, "tf32_cudnn": true, "compute_capability": "sm_120", "source": {"tf32_matmul": "auto", "tf32_cudnn": "auto"}, "applied": true, "event": "tf32_applied", "level": "info", "timestamp": "2026-05-23T09:35:38.796124Z"}
{"encoding_name": "v6", "board_size": 19, "n_planes": 8, "is_multi_window": false, "event": "train_encoding_resolved", "level": "info", "timestamp": "2026-05-23T09:35:38.796202Z"}
{"model_params": 4344266, "in_channels": 8, "input_channels": null, "event": "new_run", "level": "info", "timestamp": "2026-05-23T09:35:39.291046Z"}
{"run_id": "9bbeb098e5d84133ba0f18a568d49765", "event": "run_id", "level": "info", "timestamp": "2026-05-23T09:35:39.291195Z"}
{"thresholds": [10, 25], "weights": [1.0, 1.0], "default_weight": 1.0, "event": "replay_buffer.weight_schedule_set", "level": "info", "timestamp": "2026-05-23T09:35:39.310406Z"}
{"capacity": 250000, "min_buffer_size": 256, "schedule_entries": 3, "event": "buffer_init", "level": "info", "timestamp": "2026-05-23T09:35:39.310517Z"}
{"buffer_size_before_corpus_load": 0, "ckpt_step": null, "ckpt_path": null, "buffer_persist_enabled": true, "event": "buffer_state_at_corpus_load", "level": "info", "timestamp": "2026-05-23T09:35:39.310560Z"}
{"path": "data/bootstrap_corpus_v6.npz", "msg": "copying corpus into Rust pretrained_buffer \u2014 may take minutes for large corpora", "event": "loading_corpus_npz", "level": "info", "timestamp": "2026-05-23T09:35:39.310629Z"}
{"positions": 353091, "file_mb": 2553.6, "event": "corpus_prefill", "level": "info", "timestamp": "2026-05-23T09:36:06.276060Z"}
{"positions": 353091, "msg": "NPZ has >100K positions \u2014 cold-start only needs 50K. Run 'make corpus.npz' to regenerate with the optimized pipeline.", "event": "corpus_prefill_oversized", "level": "warning", "timestamp": "2026-05-23T09:36:06.276280Z"}
{"path": "data/bootstrap_corpus_v6.npz", "n_positions": 353091, "estimated_ram_gb": 4.8, "msg": "push_game allocates full corpus in RAM \u2014 training starts after this completes", "event": "corpus_prefill_high_ram", "level": "warning", "timestamp": "2026-05-23T09:36:06.276337Z"}
{"positions": 353091, "seconds": "27.8", "event": "corpus_loaded", "level": "info", "timestamp": "2026-05-23T09:36:07.129424Z"}
{"path": "data/bot_corpus_s178_sealbot_vs_v6.npz", "msg": "copying \u00a7178 bot corpus into Rust ReplayBuffer", "event": "loading_bot_corpus_npz", "level": "info", "timestamp": "2026-05-23T09:36:07.131125Z"}
{"positions": 21899, "file_mb": 1.1, "event": "bot_corpus_prefill", "level": "info", "timestamp": "2026-05-23T09:36:08.893252Z"}
{"positions": 21899, "seconds": "1.8", "event": "bot_corpus_loaded", "level": "info", "timestamp": "2026-05-23T09:36:08.943295Z"}
{"capacity": 125000, "recency_weight": 0.75, "state_shape": [8, 19, 19], "policy_len": 362, "event": "recent_buffer_init", "level": "info", "timestamp": "2026-05-23T09:36:08.948380Z"}
{"event": "cuda_warmup_start", "level": "info", "timestamp": "2026-05-23T09:36:08.977491Z"}
{"elapsed_sec": 0.9, "event": "cuda_warmup_done", "level": "info", "timestamp": "2026-05-23T09:36:09.874522Z"}
{"context": "inference_server", "batch_size": 64, "board_size": 19, "event": "inference_trace_compiled", "level": "info", "timestamp": "2026-05-23T09:36:11.028466Z"}
{"interval": 2500, "overrides_applied": true, "event": "eval_pipeline_enabled", "level": "info", "timestamp": "2026-05-23T09:36:11.486079Z"}
{"checkpoint_path": "checkpoints/best_model.pt", "encoding_version": "v6", "board_size": 19, "cluster_window_size": null, "cluster_threshold": null, "source": "shape_inference", "event": "checkpoint_encoding_resolved", "level": "info", "timestamp": "2026-05-23T09:36:11.495201Z"}
{"path": "checkpoints/best_model.pt", "step": 0, "event": "best_model_loaded", "level": "info", "timestamp": "2026-05-23T09:36:11.514313Z"}
{"n_positions": 10, "plies": [0, 1, 2, 3, 4, 5, 7, 10, 15, 20], "encoding": "v6", "event": "early_game_probe_init", "level": "info", "timestamp": "2026-05-23T09:36:11.531358Z"}
{"error": "No module named 'tensorboard'", "event": "tensorboard_writer_unavailable", "level": "warning", "timestamp": "2026-05-23T09:36:11.531780Z"}
{"path": "logs/events_9bbeb098e5d84133ba0f18a568d49765.jsonl", "event": "events_jsonl_sink", "level": "info", "timestamp": "2026-05-23T09:36:11.531947Z"}
{"checkpoint": "checkpoints/best_model.pt", "event": "viewer_engine_loaded", "level": "info", "timestamp": "2026-05-23T09:36:11.739929Z"}
{"loaded": 50, "path": "runs", "event": "load_existing_games_done", "level": "info", "timestamp": "2026-05-23T09:36:11.743229Z"}
{"url": "http://localhost:5001", "event": "web_dashboard", "level": "info", "timestamp": "2026-05-23T09:36:11.743673Z"}
{"context": "inference_server", "current_stream_ptr": 0, "default_stream_ptr": 0, "on_default_stream": true, "event": "cuda_stream_audit", "level": "info", "timestamp": "2026-05-23T09:36:11.747302Z"}
{"n_workers": 18, "event": "worker_pool_started", "level": "info", "timestamp": "2026-05-23T09:36:11.749200Z"}
{"n_workers": 18, "event": "selfplay_pool_started", "level": "info", "timestamp": "2026-05-23T09:36:11.749652Z"}
{"buffer": 0, "target": 256, "games": 0, "gpu_pct": 0.0, "event": "warmup", "level": "info", "timestamp": "2026-05-23T09:36:11.750113Z"}
{"gpu_util_pct": 0.0, "mem_util_pct": 0.0, "vram_used_gb": 1.018953728, "vram_total_gb": 17.094934528, "temp_c": 54.0, "event": "gpu_stats", "level": "info", "timestamp": "2026-05-23T09:36:16.534495Z"}
{"buffer": 0, "target": 256, "games": 0, "gpu_pct": 0.0, "event": "warmup", "level": "info", "timestamp": "2026-05-23T09:36:16.752293Z"}
{"gpu_util_pct": 0.0, "mem_util_pct": 0.0, "vram_used_gb": 1.012662272, "vram_total_gb": 17.094934528, "temp_c": 47.0, "event": "gpu_stats", "level": "info", "timestamp": "2026-05-23T09:36:21.537326Z"}
{"buffer": 0, "target": 256, "games": 0, "gpu_pct": 0.0, "event": "warmup", "level": "info", "timestamp": "2026-05-23T09:36:21.754697Z"}
{"gpu_util_pct": 0.0, "mem_util_pct": 0.0, "vram_used_gb": 1.027342336, "vram_total_gb": 17.094934528, "temp_c": 47.0, "event": "gpu_stats", "level": "info", "timestamp": "2026-05-23T09:36:26.540213Z"}
{"buffer": 0, "target": 256, "games": 0, "gpu_pct": 0.0, "event": "warmup", "level": "info", "timestamp": "2026-05-23T09:36:26.757372Z"}
{"gpu_util_pct": 0.0, "mem_util_pct": 0.0, "vram_used_gb": 0.993787904, "vram_total_gb": 17.094934528, "temp_c": 47.0, "event": "gpu_stats", "level": "info", "timestamp": "2026-05-23T09:36:31.542998Z"}
{"buffer": 0, "target": 256, "games": 0, "gpu_pct": 0.0, "event": "warmup", "level": "info", "timestamp": "2026-05-23T09:36:31.760102Z"}
{"gpu_util_pct": 0.0, "mem_util_pct": 0.0, "vram_used_gb": 1.014759424, "vram_total_gb": 17.094934528, "temp_c": 48.0, "event": "gpu_stats", "level": "info", "timestamp": "2026-05-23T09:36:36.545801Z"}
{"buffer": 0, "target": 256, "games": 0, "gpu_pct": 0.0, "event": "warmup", "level": "info", "timestamp": "2026-05-23T09:36:36.762431Z"}
{"gpu_util_pct": 86.0, "mem_util_pct": 10.0, "vram_used_gb": 1.025245184, "vram_total_gb": 17.094934528, "temp_c": 61.0, "event": "gpu_stats", "level": "info", "timestamp": "2026-05-23T09:36:41.548768Z"}
{"buffer": 0, "target": 256, "games": 0, "gpu_pct": 86.0, "event": "warmup", "level": "info", "timestamp": "2026-05-23T09:36:41.764966Z"}
{"gpu_util_pct": 86.0, "mem_util_pct": 10.0, "vram_used_gb": 1.025245184, "vram_total_gb": 17.094934528, "temp_c": 62.0, "event": "gpu_stats", "level": "info", "timestamp": "2026-05-23T09:36:46.552263Z"}
{"buffer": 0, "target": 256, "games": 0, "gpu_pct": 86.0, "event": "warmup", "level": "info", "timestamp": "2026-05-23T09:36:46.767353Z"}
{"gpu_util_pct": 87.0, "mem_util_pct": 10.0, "vram_used_gb": 1.025245184, "vram_total_gb": 17.094934528, "temp_c": 64.0, "event": "gpu_stats", "level": "info", "timestamp": "2026-05-23T09:36:51.555298Z"}
{"buffer": 0, "target": 256, "games": 0, "gpu_pct": 87.0, "event": "warmup", "level": "info", "timestamp": "2026-05-23T09:36:51.769720Z"}
{"gpu_util_pct": 87.0, "mem_util_pct": 10.0, "vram_used_gb": 1.025245184, "vram_total_gb": 17.094934528, "temp_c": 64.0, "event": "gpu_stats", "level": "info", "timestamp": "2026-05-23T09:36:56.558203Z"}
{"buffer": 0, "target": 256, "games": 0, "gpu_pct": 87.0, "event": "warmup", "level": "info", "timestamp": "2026-05-23T09:36:56.772086Z"}
{"gpu_util_pct": 87.0, "mem_util_pct": 10.0, "vram_used_gb": 1.025245184, "vram_total_gb": 17.094934528, "temp_c": 64.0, "event": "gpu_stats", "level": "info", "timestamp": "2026-05-23T09:37:01.561436Z"}
{"buffer": 0, "target": 256, "games": 0, "gpu_pct": 87.0, "event": "warmup", "level": "info", "timestamp": "2026-05-23T09:37:01.775224Z"}
{"gpu_util_pct": 87.0, "mem_util_pct": 10.0, "vram_used_gb": 1.025245184, "vram_total_gb": 17.094934528, "temp_c": 64.0, "event": "gpu_stats", "level": "info", "timestamp": "2026-05-23T09:37:06.564744Z"}
{"buffer": 0, "target": 256, "games": 0, "gpu_pct": 87.0, "event": "warmup", "level": "info", "timestamp": "2026-05-23T09:37:06.778346Z"}
{"gpu_util_pct": 87.0, "mem_util_pct": 10.0, "vram_used_gb": 1.025245184, "vram_total_gb": 17.094934528, "temp_c": 64.0, "event": "gpu_stats", "level": "info", "timestamp": "2026-05-23T09:37:11.567508Z"}
{"buffer": 0, "target": 256, "games": 0, "gpu_pct": 87.0, "event": "warmup", "level": "info", "timestamp": "2026-05-23T09:37:11.781277Z"}
{"gpu_util_pct": 87.0, "mem_util_pct": 10.0, "vram_used_gb": 1.025245184, "vram_total_gb": 17.094934528, "temp_c": 64.0, "event": "gpu_stats", "level": "info", "timestamp": "2026-05-23T09:37:16.569776Z"}
{"buffer": 0, "target": 256, "games": 0, "gpu_pct": 87.0, "event": "warmup", "level": "info", "timestamp": "2026-05-23T09:37:16.785081Z"}
{"plies": 45, "winner": "x", "game_length": 23, "sims_per_sec": 3743.355685680258, "colony_extension_stone_count": 0, "colony_extension_stone_total": 45, "colony_extension_fraction": 0.0, "event": "game_complete", "level": "info", "timestamp": "2026-05-23T09:37:17.745869Z"}
{"gpu_util_pct": 86.0, "mem_util_pct": 10.0, "vram_used_gb": 1.025245184, "vram_total_gb": 17.094934528, "temp_c": 64.0, "event": "gpu_stats", "level": "info", "timestamp": "2026-05-23T09:37:21.572703Z"}
{"buffer": 120, "target": 256, "games": 1, "gpu_pct": 86.0, "event": "warmup", "level": "info", "timestamp": "2026-05-23T09:37:21.787502Z"}
{"gpu_util_pct": 87.0, "mem_util_pct": 10.0, "vram_used_gb": 1.025245184, "vram_total_gb": 17.094934528, "temp_c": 64.0, "event": "gpu_stats", "level": "info", "timestamp": "2026-05-23T09:37:26.575766Z"}
{"buffer": 120, "target": 256, "games": 1, "gpu_pct": 87.0, "event": "warmup", "level": "info", "timestamp": "2026-05-23T09:37:26.789693Z"}
{"gpu_util_pct": 87.0, "mem_util_pct": 10.0, "vram_used_gb": 1.025245184, "vram_total_gb": 17.094934528, "temp_c": 64.0, "event": "gpu_stats", "level": "info", "timestamp": "2026-05-23T09:37:31.578960Z"}
{"buffer": 120, "target": 256, "games": 1, "gpu_pct": 87.0, "event": "warmup", "level": "info", "timestamp": "2026-05-23T09:37:31.792119Z"}
{"gpu_util_pct": 87.0, "mem_util_pct": 10.0, "vram_used_gb": 1.025245184, "vram_total_gb": 17.094934528, "temp_c": 64.0, "event": "gpu_stats", "level": "info", "timestamp": "2026-05-23T09:37:36.581980Z"}
{"buffer": 120, "target": 256, "games": 1, "gpu_pct": 87.0, "event": "warmup", "level": "info", "timestamp": "2026-05-23T09:37:36.794921Z"}
{"gpu_util_pct": 87.0, "mem_util_pct": 10.0, "vram_used_gb": 1.025245184, "vram_total_gb": 17.094934528, "temp_c": 65.0, "event": "gpu_stats", "level": "info", "timestamp": "2026-05-23T09:37:41.584432Z"}
{"buffer": 120, "target": 256, "games": 1, "gpu_pct": 87.0, "event": "warmup", "level": "info", "timestamp": "2026-05-23T09:37:41.797331Z"}
{"gpu_util_pct": 86.0, "mem_util_pct": 10.0, "vram_used_gb": 1.025245184, "vram_total_gb": 17.094934528, "temp_c": 64.0, "event": "gpu_stats", "level": "info", "timestamp": "2026-05-23T09:37:46.586696Z"}
{"buffer": 120, "target": 256, "games": 1, "gpu_pct": 86.0, "event": "warmup", "level": "info", "timestamp": "2026-05-23T09:37:46.800040Z"}
{"gpu_util_pct": 87.0, "mem_util_pct": 10.0, "vram_used_gb": 1.025245184, "vram_total_gb": 17.094934528, "temp_c": 65.0, "event": "gpu_stats", "level": "info", "timestamp": "2026-05-23T09:37:51.589726Z"}
{"plies": 63, "winner": "o", "game_length": 32, "sims_per_sec": 3637.1492770596315, "colony_extension_stone_count": 0, "colony_extension_stone_total": 63, "colony_extension_fraction": 0.0, "event": "game_complete", "level": "info", "timestamp": "2026-05-23T09:37:51.612060Z"}
{"step": 0, "n_available": 256, "batch_size": 256, "event": "buffer_warmup_ended", "level": "info", "timestamp": "2026-05-23T09:37:51.888826Z"}
{"step": 0, "mean_nonzero_before_prune": 16.88, "mean_nonzero_after_prune": 9.84, "prune_frac": 0.02, "event": "policy_target_nonzero_diag", "level": "info", "timestamp": "2026-05-23T09:37:51.900640Z"}
{"step": 1, "grad_norm": 9.575854301452637, "total_loss": 7.81874942779541, "policy_loss": 5.9455132484436035, "value_loss": 0.7186617255210876, "aux_loss": 5.914835453033447, "uncertainty_loss": null, "ownership_loss": 0.4025057256221771, "threat_loss": 1.2991392612457275, "chain_loss": 0.155270054936409, "full_search_frac": 0.921875, "lr": 0.0019999999995558675, "fp16_scale": 65536.0, "event": "train_step", "level": "info", "timestamp": "2026-05-23T09:37:56.169292Z"}
{"step": 2, "grad_norm": Infinity, "total_loss": 11.820796966552734, "policy_loss": 5.770016193389893, "value_loss": 3.2921812534332275, "aux_loss": 5.887447834014893, "uncertainty_loss": null, "ownership_loss": 0.7454697489738464, "threat_loss": 1.7062537670135498, "chain_loss": 1.689224362373352, "full_search_frac": 0.9296875, "lr": 0.0019999999995558675, "fp16_scale": 32768.0, "event": "train_step", "level": "info", "timestamp": "2026-05-23T09:37:56.336844Z"}
{"step": 3, "grad_norm": Infinity, "total_loss": 12.108145713806152, "policy_loss": 5.819575786590576, "value_loss": 3.5251753330230713, "aux_loss": 5.890990257263184, "uncertainty_loss": null, "ownership_loss": 0.7471132874488831, "threat_loss": 1.8613317012786865, "chain_loss": 1.677814245223999, "full_search_frac": 0.92578125, "lr": 0.0019999999995558675, "fp16_scale": 16384.0, "event": "train_step", "level": "info", "timestamp": "2026-05-23T09:37:56.499266Z"}
{"gpu_util_pct": 92.0, "mem_util_pct": 45.0, "vram_used_gb": 5.018222592, "vram_total_gb": 17.094934528, "temp_c": 63.0, "event": "gpu_stats", "level": "info", "timestamp": "2026-05-23T09:37:56.592898Z"}
{"step": 4, "grad_norm": 20.11067008972168, "total_loss": 11.564881324768066, "policy_loss": 5.720051288604736, "value_loss": 3.0254712104797363, "aux_loss": 5.889735698699951, "uncertainty_loss": null, "ownership_loss": 0.764546275138855, "threat_loss": 2.5022366046905518, "chain_loss": 1.6681345701217651, "full_search_frac": 0.91015625, "lr": 0.0019999999982234706, "fp16_scale": 16384.0, "event": "train_step", "level": "info", "timestamp": "2026-05-23T09:37:56.669291Z"}
{"games": 2, "trained_games": 2, "buffer": 300, "event": "waiting_for_games", "level": "info", "timestamp": "2026-05-23T09:37:56.671410Z"}
{"plies": 67, "winner": "o", "game_length": 34, "sims_per_sec": 3623.2600930369167, "colony_extension_stone_count": 0, "colony_extension_stone_total": 67, "colony_extension_fraction": 0.0, "event": "game_complete", "level": "info", "timestamp": "2026-05-23T09:37:59.248692Z"}
{"step": 5, "grad_norm": 10.495832443237305, "total_loss": 8.464106559753418, "policy_loss": 5.829648017883301, "value_loss": 0.8384600877761841, "aux_loss": 5.880739212036133, "uncertainty_loss": null, "ownership_loss": 0.5807838439941406, "threat_loss": 1.3055100440979004, "chain_loss": 0.7841712236404419, "full_search_frac": 0.89453125, "lr": 0.0019999999960028094, "fp16_scale": 16384.0, "event": "train_step", "level": "info", "timestamp": "2026-05-23T09:37:59.472318Z"}
{"step": 6, "grad_norm": 11.92133903503418, "total_loss": 8.365650177001953, "policy_loss": 5.7481184005737305, "value_loss": 1.3657526969909668, "aux_loss": 5.881202220916748, "uncertainty_loss": null, "ownership_loss": 0.483828067779541, "threat_loss": 1.1023063659667969, "chain_loss": 0.26986491680145264, "full_search_frac": 0.89453125, "lr": 0.001999999992893884, "fp16_scale": 16384.0, "event": "train_step", "level": "info", "timestamp": "2026-05-23T09:37:59.665576Z"}
{"gpu_util_pct": 87.0, "mem_util_pct": 13.0, "vram_used_gb": 5.018222592, "vram_total_gb": 17.094934528, "temp_c": 64.0, "event": "gpu_stats", "level": "info", "timestamp": "2026-05-23T09:38:01.596168Z"}
{"games": 3, "trained_games": 3, "buffer": 486, "event": "waiting_for_games", "level": "info", "timestamp": "2026-05-23T09:38:01.770721Z"}
{"plies": 75, "winner": "o", "game_length": 38, "sims_per_sec": 3588.4689541516004, "colony_extension_stone_count": 0, "colony_extension_stone_total": 75, "colony_extension_fraction": 0.0, "event": "game_complete", "level": "info", "timestamp": "2026-05-23T09:38:04.482155Z"}
{"step": 7, "grad_norm": 12.323456764221191, "total_loss": 8.164528846740723, "policy_loss": 5.531796455383301, "value_loss": 1.2748608589172363, "aux_loss": 5.856753826141357, "uncertainty_loss": null, "ownership_loss": 0.45427414774894714, "threat_loss": 1.2086021900177002, "chain_loss": 0.3718130588531494, "full_search_frac": 0.90234375, "lr": 0.0019999999888966943, "fp16_scale": 16384.0, "event": "train_step", "level": "info", "timestamp": "2026-05-23T09:38:04.679906Z"}
{"step": 8, "grad_norm": 6.940299034118652, "total_loss": 7.548020839691162, "policy_loss": 5.482260704040527, "value_loss": 0.7006615996360779, "aux_loss": 5.782774925231934, "uncertainty_loss": null, "ownership_loss": 0.37713000178337097, "threat_loss": 1.2376564741134644, "chain_loss": 0.3942948877811432, "full_search_frac": 0.90625, "lr": 0.0019999999840112402, "fp16_scale": 16384.0, "event": "train_step", "level": "info", "timestamp": "2026-05-23T09:38:04.870737Z"}
{"step": 8, "consec_steps": 5, "grad_norm": 6.9403, "threshold": 3.0, "msg": "Sustained high gradient norm \u2014 halting run. Roll back to ckpt_12190 before re-resuming.", "event": "hard_abort_grad_norm", "level": "error", "timestamp": "2026-05-23T09:38:04.871827Z"}
Traceback (most recent call last):
  File "/workspace/hexo_rl/scripts/train.py", line 271, in <module>
    main()
  File "/workspace/hexo_rl/scripts/train.py", line 240, in main
    run_training_loop(
  File "/workspace/hexo_rl/hexo_rl/training/loop.py", line 314, in run_training_loop
    subsys.teardown()
  File "/workspace/hexo_rl/hexo_rl/training/lifecycle.py", line 177, in teardown
    self.gpu_monitor.join(timeout=2.0)
  File "/usr/lib/python3.12/threading.py", line 1151, in join
    self._wait_for_tstate_lock(timeout=max(timeout, 0))
  File "/usr/lib/python3.12/threading.py", line 1169, in _wait_for_tstate_lock
    self._stop()
TypeError: 'Event' object is not callable
