/home/timmy/Work/hexo_rl/.venv/lib/python3.14/site-packages/torch/cuda/__init__.py:61: FutureWarning: The pynvml package is deprecated. Please install nvidia-ml-py instead. If you did not install pynvml directly, please report this to the maintainers of the package that installed pynvml for you.
  import pynvml  # type: ignore[import]
[eval] device=cuda  loading checkpoint…
[eval] checkpoint=bootstrap_model_v6w25.pt  encoding=v6w25 (spec.version=v6, board=25)  filters=128 res_blocks=12 n_actions=626
[eval] arm=v6w25  inference=mcts-128  legal_radius=8  n_games=200  time_limit=0.5  temp=0.0
[eval]   10/200  W=5 L=5 D=0  WR=0.500 [0.237, 0.763]  elapsed=78s  s/game=7.8
[eval]   20/200  W=5 L=15 D=0  WR=0.250 [0.112, 0.469]  elapsed=162s  s/game=8.1
[eval]   30/200  W=12 L=18 D=0  WR=0.400 [0.246, 0.577]  elapsed=233s  s/game=7.8
[eval]   40/200  W=15 L=25 D=0  WR=0.375 [0.242, 0.530]  elapsed=327s  s/game=8.2
[eval]   50/200  W=19 L=31 D=0  WR=0.380 [0.259, 0.518]  elapsed=400s  s/game=8.0
2026-05-09 17:48:44 [warning  ] sealbot_colony_bug_risk        clusters=5 ply=99
[eval]   60/200  W=19 L=41 D=0  WR=0.317 [0.213, 0.442]  elapsed=509s  s/game=8.5
[eval]   70/200  W=23 L=47 D=0  WR=0.329 [0.230, 0.445]  elapsed=599s  s/game=8.6
[eval]   80/200  W=25 L=55 D=0  WR=0.312 [0.222, 0.421]  elapsed=710s  s/game=8.9
[eval]   90/200  W=28 L=62 D=0  WR=0.311 [0.225, 0.413]  elapsed=786s  s/game=8.7
[eval]  100/200  W=34 L=66 D=0  WR=0.340 [0.255, 0.437]  elapsed=857s  s/game=8.6
[eval]  110/200  W=37 L=73 D=0  WR=0.336 [0.255, 0.429]  elapsed=936s  s/game=8.5
[eval]  120/200  W=41 L=79 D=0  WR=0.342 [0.263, 0.430]  elapsed=1003s  s/game=8.4
[eval]  130/200  W=43 L=87 D=0  WR=0.331 [0.256, 0.415]  elapsed=1080s  s/game=8.3
[eval]  140/200  W=46 L=94 D=0  WR=0.329 [0.256, 0.410]  elapsed=1157s  s/game=8.3
[eval]  150/200  W=51 L=99 D=0  WR=0.340 [0.269, 0.419]  elapsed=1234s  s/game=8.2
[eval]  160/200  W=56 L=104 D=0  WR=0.350 [0.280, 0.427]  elapsed=1335s  s/game=8.3
[eval]  170/200  W=59 L=111 D=0  WR=0.347 [0.280, 0.421]  elapsed=1406s  s/game=8.3
[eval]  180/200  W=60 L=120 D=0  WR=0.333 [0.269, 0.405]  elapsed=1483s  s/game=8.2
[eval]  190/200  W=62 L=128 D=0  WR=0.326 [0.264, 0.396]  elapsed=1558s  s/game=8.2
[eval]  200/200  W=65 L=135 D=0  WR=0.325 [0.264, 0.393]  elapsed=1636s  s/game=8.2

[eval] DONE — wrote reports/gpool_bias/A1_anchor_mcts128.json
[eval] arm=v6w25  inference=mcts-128  WR=32.5% [26.4%, 39.3%]  (65/200, draws=0, mean_ply=35.4)
